<?xml version="1.0" encoding="UTF-8"?>
<coverage generated="1587850763661" clover="3.2.0">
  <project timestamp="1587850763661" name="All files">
    <metrics statements="7" coveredstatements="7" conditionals="0" coveredconditionals="0" methods="5" coveredmethods="5" elements="12" coveredelements="12" complexity="0" loc="7" ncloc="7" packages="1" files="1" classes="1"/>
    <file name="useApi.actions.js" path="/Users/cchampouillon/code/front-end/src/hooks/useApi/useApi.actions.js">
      <metrics statements="7" coveredstatements="7" conditionals="0" coveredconditionals="0" methods="5" coveredmethods="5"/>
      <line num="2" count="1" type="stmt"/>
      <line num="3" count="3" type="stmt"/>
      <line num="5" count="1" type="stmt"/>
      <line num="11" count="1" type="stmt"/>
      <line num="12" count="3" type="stmt"/>
      <line num="14" count="1" type="stmt"/>
      <line num="21" count="1" type="stmt"/>
    </file>
  </project>
</coverage>
