{"/Users/cchampouillon/code/front-end/src/hooks/useApi/useApi.actions.js": {"path":"/Users/cchampouillon/code/front-end/src/hooks/useApi/useApi.actions.js","statementMap":{"0":{"start":{"line":2,"column":25},"end":{"line":2,"column":58}},"1":{"start":{"line":3,"column":26},"end":{"line":3,"column":61}},"2":{"start":{"line":3,"column":35},"end":{"line":3,"column":61}},"3":{"start":{"line":5,"column":25},"end":{"line":9,"column":2}},"4":{"start":{"line":5,"column":44},"end":{"line":9,"column":1}},"5":{"start":{"line":11,"column":33},"end":{"line":11,"column":74}},"6":{"start":{"line":12,"column":33},"end":{"line":12,"column":76}},"7":{"start":{"line":12,"column":42},"end":{"line":12,"column":76}},"8":{"start":{"line":14,"column":32},"end":{"line":19,"column":2}},"9":{"start":{"line":14,"column":57},"end":{"line":19,"column":1}},"10":{"start":{"line":21,"column":29},"end":{"line":25,"column":2}},"11":{"start":{"line":21,"column":48},"end":{"line":25,"column":1}}},"fnMap":{"0":{"name":"(anonymous_0)","decl":{"start":{"line":3,"column":26},"end":{"line":3,"column":27}},"loc":{"start":{"line":3,"column":35},"end":{"line":3,"column":61}},"line":3},"1":{"name":"(anonymous_1)","decl":{"start":{"line":5,"column":25},"end":{"line":5,"column":26}},"loc":{"start":{"line":5,"column":44},"end":{"line":9,"column":1}},"line":5},"2":{"name":"(anonymous_2)","decl":{"start":{"line":12,"column":33},"end":{"line":12,"column":34}},"loc":{"start":{"line":12,"column":42},"end":{"line":12,"column":76}},"line":12},"3":{"name":"(anonymous_3)","decl":{"start":{"line":14,"column":32},"end":{"line":14,"column":33}},"loc":{"start":{"line":14,"column":57},"end":{"line":19,"column":1}},"line":14},"4":{"name":"(anonymous_4)","decl":{"start":{"line":21,"column":29},"end":{"line":21,"column":30}},"loc":{"start":{"line":21,"column":48},"end":{"line":25,"column":1}},"line":21}},"branchMap":{},"s":{"0":1,"1":1,"2":3,"3":1,"4":1,"5":1,"6":1,"7":3,"8":1,"9":1,"10":1,"11":1},"f":{"0":3,"1":1,"2":3,"3":1,"4":1},"b":{},"_coverageSchema":"1a1c01bbd47fc00a2c39e90264f33305004495a9","hash":"c0df0a6d5703a54b913809c5fd2f9243b85435c1"}
}
